2020-03-20 13:12:18.308  INFO 5196 --- [restartedMain] l.m.community.CommunityApplication       : Starting CommunityApplication on DESKTOP-36UCT02 with PID 5196 (F:\springboot\community\target\classes started by Flandre33 in F:\springboot\community)
2020-03-20 13:12:18.312  INFO 5196 --- [restartedMain] l.m.community.CommunityApplication       : No active profile set, falling back to default profiles: default
2020-03-20 13:12:18.524  INFO 5196 --- [restartedMain] .e.DevToolsPropertyDefaultsPostProcessor : Devtools property defaults active! Set 'spring.devtools.add-properties' to 'false' to disable
2020-03-20 13:12:18.557  INFO 5196 --- [restartedMain] .e.DevToolsPropertyDefaultsPostProcessor : For additional web related logging consider setting the 'logging.level.web' property to 'DEBUG'
2020-03-20 13:12:21.389  INFO 5196 --- [restartedMain] o.s.b.w.embedded.tomcat.TomcatWebServer  : Tomcat initialized with port(s): 8080 (http)
2020-03-20 13:12:21.431  INFO 5196 --- [restartedMain] o.apache.catalina.core.StandardService   : Starting service [Tomcat]
2020-03-20 13:12:21.432  INFO 5196 --- [restartedMain] org.apache.catalina.core.StandardEngine  : Starting Servlet engine: [Apache Tomcat/9.0.31]
2020-03-20 13:12:21.729  INFO 5196 --- [restartedMain] org.apache.jasper.servlet.TldScanner     : At least one JAR was scanned for TLDs yet contained no TLDs. Enable debug logging for this logger for a complete list of JARs that were scanned but no TLDs were found in them. Skipping unneeded JARs during scanning can improve startup time and JSP compilation time.
2020-03-20 13:12:21.771  INFO 5196 --- [restartedMain] o.a.c.c.C.[Tomcat].[localhost].[/]       : Initializing Spring embedded WebApplicationContext
2020-03-20 13:12:21.774  INFO 5196 --- [restartedMain] o.s.web.context.ContextLoader            : Root WebApplicationContext: initialization completed in 3216 ms
2020-03-20 13:12:22.666  INFO 5196 --- [restartedMain] o.s.s.concurrent.ThreadPoolTaskExecutor  : Initializing ExecutorService 'applicationTaskExecutor'
2020-03-20 13:12:22.716  INFO 5196 --- [restartedMain] o.s.b.a.w.s.WelcomePageHandlerMapping    : Adding welcome page template: index
2020-03-20 13:12:23.746  INFO 5196 --- [restartedMain] o.s.b.d.a.OptionalLiveReloadServer       : LiveReload server is running on port 35729
2020-03-20 13:12:23.923  INFO 5196 --- [restartedMain] o.s.b.w.embedded.tomcat.TomcatWebServer  : Tomcat started on port(s): 8080 (http) with context path ''
2020-03-20 13:12:23.930  INFO 5196 --- [restartedMain] l.m.community.CommunityApplication       : Started CommunityApplication in 6.637 seconds (JVM running for 8.703)
2020-03-20 13:12:33.722  INFO 5196 --- [http-nio-8080-exec-1] o.a.c.c.C.[Tomcat].[localhost].[/]       : Initializing Spring DispatcherServlet 'dispatcherServlet'
2020-03-20 13:12:33.723  INFO 5196 --- [http-nio-8080-exec-1] o.s.web.servlet.DispatcherServlet        : Initializing Servlet 'dispatcherServlet'
2020-03-20 13:12:33.751  INFO 5196 --- [http-nio-8080-exec-1] o.s.web.servlet.DispatcherServlet        : Completed initialization in 28 ms
2020-03-20 13:12:34.129  INFO 5196 --- [http-nio-8080-exec-1] com.zaxxer.hikari.HikariDataSource       : HikariPool-1 - Starting...
2020-03-20 13:12:34.498  INFO 5196 --- [http-nio-8080-exec-1] com.zaxxer.hikari.HikariDataSource       : HikariPool-1 - Start completed.
